<?xml version="1.0" encoding="UTF-8"?>
<testsuite name="ZookeeperTest" tests="1" skipped="0" failures="0" errors="0" timestamp="2023-02-15T16:57:59" hostname="MIHAU" time="0.097">
  <properties/>
  <testcase name="start" classname="ZookeeperTest" time="0.097"/>
  <system-out><![CDATA[?[1;31m
Start test 1?[0m
I love animals!
Let's check on the animals...
The deer looks fine.
The bat looks happy.
The lion looks healthy.
]]></system-out>
  <system-err><![CDATA[]]></system-err>
</testsuite>
